{"C:\\Users\\Amaro\\Documents\\GitHub\\SensorsDashboard\\api\\src\\app.ts": {"path":"C:\\Users\\Amaro\\Documents\\GitHub\\SensorsDashboard\\api\\src\\app.ts","statementMap":{"0":{"start":{"line":1,"column":0},"end":{"line":1,"column":54}},"1":{"start":{"line":2,"column":0},"end":{"line":2,"column":30}},"2":{"start":{"line":3,"column":0},"end":{"line":3,"column":24}},"3":{"start":{"line":5,"column":0},"end":{"line":5,"column":32}},"4":{"start":{"line":6,"column":0},"end":{"line":6,"column":35}},"5":{"start":{"line":7,"column":0},"end":{"line":7,"column":85}},"6":{"start":{"line":9,"column":0},"end":{"line":9,"column":13}},"7":{"start":{"line":12,"column":9},"end":{"line":51,"column":null}},"8":{"start":{"line":12,"column":2},"end":{"line":12,"column":9}},"9":{"start":{"line":13,"column":24},"end":{"line":15,"column":6}},"10":{"start":{"line":17,"column":35},"end":{"line":17,"column":39}},"11":{"start":{"line":18,"column":13},"end":{"line":18,"column":23}},"12":{"start":{"line":19,"column":24},"end":{"line":19,"column":44}},"13":{"start":{"line":21,"column":16},"end":{"line":21,"column":25}},"14":{"start":{"line":23,"column":4},"end":{"line":23,"column":28}},"15":{"start":{"line":24,"column":4},"end":{"line":24,"column":31}},"16":{"start":{"line":26,"column":4},"end":{"line":29,"column":null}},"17":{"start":{"line":27,"column":6},"end":{"line":27,"column":18}},"18":{"start":{"line":28,"column":6},"end":{"line":28,"column":23}},"19":{"start":{"line":31,"column":4},"end":{"line":41,"column":9}},"20":{"start":{"line":33,"column":29},"end":{"line":37,"column":8}},"21":{"start":{"line":34,"column":8},"end":{"line":34,"column":56}},"22":{"start":{"line":35,"column":8},"end":{"line":35,"column":34}},"23":{"start":{"line":36,"column":8},"end":{"line":36,"column":29}},"24":{"start":{"line":39,"column":8},"end":{"line":39,"column":47}},"25":{"start":{"line":40,"column":8},"end":{"line":40,"column":23}},"26":{"start":{"line":43,"column":21},"end":{"line":43,"column":35}},"27":{"start":{"line":44,"column":4},"end":{"line":44,"column":37}},"28":{"start":{"line":46,"column":4},"end":{"line":48,"column":7}},"29":{"start":{"line":47,"column":6},"end":{"line":47,"column":59}},"30":{"start":{"line":50,"column":4},"end":{"line":50,"column":15}},"31":{"start":{"line":52,"column":0},"end":{"line":52,"column":null}},"32":{"start":{"line":9,"column":13},"end":{"line":9,"column":16}},"33":{"start":{"line":55,"column":8},"end":{"line":55,"column":68}},"34":{"start":{"line":58,"column":26},"end":{"line":58,"column":null}},"35":{"start":{"line":58,"column":10},"end":{"line":58,"column":null}},"36":{"start":{"line":59,"column":27},"end":{"line":59,"column":null}},"37":{"start":{"line":59,"column":10},"end":{"line":59,"column":null}},"38":{"start":{"line":61,"column":8},"end":{"line":61,"column":9}},"39":{"start":{"line":62,"column":6},"end":{"line":62,"column":65}},"40":{"start":{"line":65,"column":8},"end":{"line":65,"column":9}},"41":{"start":{"line":66,"column":6},"end":{"line":66,"column":66}},"42":{"start":{"line":69,"column":4},"end":{"line":69,"column":50}}},"fnMap":{"0":{"name":"(anonymous_14)","decl":{"start":{"line":9,"column":0},"end":{"line":9,"column":13}},"loc":{"start":{"line":9,"column":0},"end":{"line":52,"column":null}}},"1":{"name":"API","decl":{"start":{"line":10,"column":2},"end":{"line":10,"column":17}},"loc":{"start":{"line":10,"column":2},"end":{"line":10,"column":18}}},"2":{"name":"(anonymous_16)","decl":{"start":{"line":12,"column":2},"end":{"line":12,"column":9}},"loc":{"start":{"line":12,"column":2},"end":{"line":51,"column":3}}},"3":{"name":"(anonymous_17)","decl":{"start":{"line":33,"column":12},"end":{"line":33,"column":19}},"loc":{"start":{"line":33,"column":29},"end":{"line":37,"column":8}}},"4":{"name":"(anonymous_18)","decl":{"start":{"line":33,"column":29},"end":{"line":33,"column":null}},"loc":{"start":{"line":33,"column":29},"end":{"line":37,"column":8}}},"5":{"name":"(anonymous_20)","decl":{"start":{"line":38,"column":13},"end":{"line":38,"column":14}},"loc":{"start":{"line":38,"column":17},"end":{"line":41,"column":7}}},"6":{"name":"(anonymous_21)","decl":{"start":{"line":46,"column":21},"end":{"line":46,"column":null}},"loc":{"start":{"line":46,"column":21},"end":{"line":48,"column":5}}},"7":{"name":"prefileRoles","decl":{"start":{"line":54,"column":15},"end":{"line":54,"column":27}},"loc":{"start":{"line":54,"column":27},"end":{"line":71,"column":null}}}},"branchMap":{"0":{"loc":{"start":{"line":26,"column":4},"end":{"line":29,"column":null}},"type":"if","locations":[{"start":{"line":26,"column":4},"end":{"line":29,"column":null}}]},"1":{"loc":{"start":{"line":61,"column":8},"end":{"line":61,"column":9}},"type":"if","locations":[{"start":{"line":61,"column":8},"end":{"line":61,"column":9}}]},"2":{"loc":{"start":{"line":65,"column":8},"end":{"line":65,"column":9}},"type":"if","locations":[{"start":{"line":65,"column":8},"end":{"line":65,"column":9}}]}},"s":{"0":2,"1":2,"2":2,"3":2,"4":2,"5":2,"6":2,"7":2,"8":2,"9":2,"10":2,"11":2,"12":2,"13":2,"14":2,"15":2,"16":2,"17":2,"18":2,"19":2,"20":2,"21":2,"22":2,"23":4,"24":0,"25":0,"26":2,"27":2,"28":2,"29":2,"30":2,"31":2,"32":2,"33":2,"34":2,"35":2,"36":2,"37":2,"38":2,"39":4,"40":4,"41":0,"42":0},"f":{"0":2,"1":2,"2":2,"3":2,"4":2,"5":0,"6":2,"7":2},"b":{"0":[2],"1":[0],"2":[2]}}
,"C:\\Users\\Amaro\\Documents\\GitHub\\SensorsDashboard\\api\\src\\config\\development.config.js": {"path":"C:\\Users\\Amaro\\Documents\\GitHub\\SensorsDashboard\\api\\src\\config\\development.config.js","statementMap":{"0":{"start":{"line":1,"column":0},"end":{"line":10,"column":2}}},"fnMap":{},"branchMap":{},"s":{"0":2},"f":{},"b":{},"inputSourceMap":null,"_coverageSchema":"1a1c01bbd47fc00a2c39e90264f33305004495a9","hash":"68bc455eee958c7e2ef1089dfafa760b089b30ed"}
,"C:\\Users\\Amaro\\Documents\\GitHub\\SensorsDashboard\\api\\src\\middleware\\validator.ts": {"path":"C:\\Users\\Amaro\\Documents\\GitHub\\SensorsDashboard\\api\\src\\middleware\\validator.ts","statementMap":{"0":{"start":{"line":5,"column":2},"end":{"line":6,"column":9}},"1":{"start":{"line":6,"column":2},"end":{"line":17,"column":4}},"2":{"start":{"line":6,"column":56},"end":{"line":17,"column":4}},"3":{"start":{"line":8,"column":6},"end":{"line":12,"column":9}},"4":{"start":{"line":13,"column":6},"end":{"line":13,"column":20}},"5":{"start":{"line":15,"column":6},"end":{"line":15,"column":41}},"6":{"start":{"line":4,"column":13},"end":{"line":4,"column":null}}},"fnMap":{"0":{"name":"(anonymous_13)","decl":{"start":{"line":5,"column":2},"end":{"line":5,"column":3}},"loc":{"start":{"line":5,"column":23},"end":{"line":6,"column":9}}},"1":{"name":"(anonymous_14)","decl":{"start":{"line":6,"column":2},"end":{"line":6,"column":9}},"loc":{"start":{"line":6,"column":56},"end":{"line":17,"column":4}}},"2":{"name":"(anonymous_15)","decl":{"start":{"line":6,"column":56},"end":{"line":6,"column":null}},"loc":{"start":{"line":6,"column":56},"end":{"line":17,"column":4}}}},"branchMap":{},"s":{"0":2,"1":2,"2":2,"3":4,"4":2,"5":0,"6":2},"f":{"0":2,"1":2,"2":2},"b":{}}
,"C:\\Users\\Amaro\\Documents\\GitHub\\SensorsDashboard\\api\\src\\middleware\\auth\\signUpVerification.ts": {"path":"C:\\Users\\Amaro\\Documents\\GitHub\\SensorsDashboard\\api\\src\\middleware\\auth\\signUpVerification.ts","statementMap":{"0":{"start":{"line":2,"column":0},"end":{"line":2,"column":89}},"1":{"start":{"line":3,"column":0},"end":{"line":3,"column":89}},"2":{"start":{"line":4,"column":0},"end":{"line":4,"column":63}},"3":{"start":{"line":6,"column":34},"end":{"line":6,"column":65}},"4":{"start":{"line":8,"column":20},"end":{"line":8,"column":68}},"5":{"start":{"line":10,"column":42},"end":{"line":31,"column":2}},"6":{"start":{"line":13,"column":20},"end":{"line":31,"column":2}},"7":{"start":{"line":15,"column":10},"end":{"line":15,"column":20}},"8":{"start":{"line":16,"column":10},"end":{"line":16,"column":19}},"9":{"start":{"line":18,"column":20},"end":{"line":18,"column":null}},"10":{"start":{"line":18,"column":8},"end":{"line":18,"column":null}},"11":{"start":{"line":20,"column":2},"end":{"line":22,"column":null}},"12":{"start":{"line":21,"column":4},"end":{"line":21,"column":73}},"13":{"start":{"line":24,"column":20},"end":{"line":24,"column":null}},"14":{"start":{"line":24,"column":8},"end":{"line":24,"column":null}},"15":{"start":{"line":26,"column":2},"end":{"line":28,"column":null}},"16":{"start":{"line":27,"column":4},"end":{"line":27,"column":68}},"17":{"start":{"line":30,"column":2},"end":{"line":30,"column":9}},"18":{"start":{"line":10,"column":13},"end":{"line":10,"column":42}}},"fnMap":{"0":{"name":"(anonymous_13)","decl":{"start":{"line":10,"column":42},"end":{"line":10,"column":null}},"loc":{"start":{"line":13,"column":20},"end":{"line":31,"column":2}}},"1":{"name":"(anonymous_14)","decl":{"start":{"line":13,"column":20},"end":{"line":13,"column":null}},"loc":{"start":{"line":13,"column":20},"end":{"line":31,"column":2}}}},"branchMap":{"0":{"loc":{"start":{"line":20,"column":2},"end":{"line":22,"column":null}},"type":"if","locations":[{"start":{"line":20,"column":2},"end":{"line":22,"column":null}}]},"1":{"loc":{"start":{"line":26,"column":2},"end":{"line":28,"column":null}},"type":"if","locations":[{"start":{"line":26,"column":2},"end":{"line":28,"column":null}}]}},"s":{"0":2,"1":2,"2":2,"3":2,"4":2,"5":2,"6":6,"7":6,"8":6,"9":6,"10":6,"11":6,"12":4,"13":2,"14":2,"15":2,"16":0,"17":2,"18":2},"f":{"0":6,"1":6},"b":{"0":[4],"1":[0]}}
,"C:\\Users\\Amaro\\Documents\\GitHub\\SensorsDashboard\\api\\src\\middleware\\validationSchemas\\auth\\authValidation.ts": {"path":"C:\\Users\\Amaro\\Documents\\GitHub\\SensorsDashboard\\api\\src\\middleware\\validationSchemas\\auth\\authValidation.ts","statementMap":{"0":{"start":{"line":1,"column":0},"end":{"line":1,"column":24}},"1":{"start":{"line":3,"column":18},"end":{"line":8,"column":2}},"2":{"start":{"line":10,"column":13},"end":{"line":10,"column":44}}},"fnMap":{},"branchMap":{},"s":{"0":1,"1":1,"2":1},"f":{},"b":{}}
,"C:\\Users\\Amaro\\Documents\\GitHub\\SensorsDashboard\\api\\src\\middleware\\validationSchemas\\sensors\\sensorsValidation.ts": {"path":"C:\\Users\\Amaro\\Documents\\GitHub\\SensorsDashboard\\api\\src\\middleware\\validationSchemas\\sensors\\sensorsValidation.ts","statementMap":{"0":{"start":{"line":1,"column":0},"end":{"line":1,"column":24}},"1":{"start":{"line":3,"column":26},"end":{"line":11,"column":2}},"2":{"start":{"line":4,"column":15},"end":{"line":4,"column":35}},"3":{"start":{"line":5,"column":2},"end":{"line":9,"column":null}},"4":{"start":{"line":6,"column":4},"end":{"line":8,"column":7}},"5":{"start":{"line":10,"column":2},"end":{"line":10,"column":20}},"6":{"start":{"line":13,"column":32},"end":{"line":20,"column":2}},"7":{"start":{"line":22,"column":13},"end":{"line":22,"column":63}}},"fnMap":{"0":{"name":"(anonymous_0)","decl":{"start":{"line":3,"column":47},"end":{"line":3,"column":48}},"loc":{"start":{"line":3,"column":63},"end":{"line":11,"column":1}}}},"branchMap":{"0":{"loc":{"start":{"line":5,"column":2},"end":{"line":9,"column":null}},"type":"if","locations":[{"start":{"line":5,"column":2},"end":{"line":9,"column":null}}]}},"s":{"0":3,"1":3,"2":5,"3":5,"4":1,"5":5,"6":3,"7":3},"f":{"0":5},"b":{"0":[1]}}
,"C:\\Users\\Amaro\\Documents\\GitHub\\SensorsDashboard\\api\\src\\models\\role.ts": {"path":"C:\\Users\\Amaro\\Documents\\GitHub\\SensorsDashboard\\api\\src\\models\\role.ts","statementMap":{"0":{"start":{"line":10,"column":0},"end":{"line":10,"column":13}},"1":{"start":{"line":15,"column":4},"end":{"line":15,"column":28}},"2":{"start":{"line":16,"column":4},"end":{"line":16,"column":32}},"3":{"start":{"line":19,"column":2},"end":{"line":21,"column":null}},"4":{"start":{"line":20,"column":4},"end":{"line":20,"column":21}},"5":{"start":{"line":23,"column":2},"end":{"line":25,"column":null}},"6":{"start":{"line":24,"column":4},"end":{"line":24,"column":19}},"7":{"start":{"line":26,"column":0},"end":{"line":26,"column":null}},"8":{"start":{"line":10,"column":13},"end":{"line":10,"column":17}}},"fnMap":{"0":{"name":"(anonymous_0)","decl":{"start":{"line":10,"column":0},"end":{"line":10,"column":13}},"loc":{"start":{"line":10,"column":0},"end":{"line":26,"column":null}}},"1":{"name":"Role","decl":{"start":{"line":14,"column":2},"end":{"line":14,"column":14}},"loc":{"start":{"line":14,"column":36},"end":{"line":17,"column":3}}},"2":{"name":"(anonymous_2)","decl":{"start":{"line":19,"column":2},"end":{"line":19,"column":6}},"loc":{"start":{"line":19,"column":2},"end":{"line":21,"column":3}}},"3":{"name":"(anonymous_3)","decl":{"start":{"line":23,"column":2},"end":{"line":23,"column":6}},"loc":{"start":{"line":23,"column":2},"end":{"line":25,"column":3}}}},"branchMap":{},"s":{"0":4,"1":11,"2":11,"3":4,"4":2,"5":4,"6":0,"7":4,"8":4},"f":{"0":4,"1":11,"2":2,"3":0},"b":{}}
,"C:\\Users\\Amaro\\Documents\\GitHub\\SensorsDashboard\\api\\src\\models\\sensorReading.ts": {"path":"C:\\Users\\Amaro\\Documents\\GitHub\\SensorsDashboard\\api\\src\\models\\sensorReading.ts","statementMap":{"0":{"start":{"line":9,"column":0},"end":{"line":9,"column":13}},"1":{"start":{"line":17,"column":4},"end":{"line":17,"column":49}},"2":{"start":{"line":18,"column":4},"end":{"line":18,"column":55}},"3":{"start":{"line":19,"column":4},"end":{"line":19,"column":49}},"4":{"start":{"line":20,"column":4},"end":{"line":20,"column":39}},"5":{"start":{"line":21,"column":4},"end":{"line":21,"column":51}},"6":{"start":{"line":24,"column":2},"end":{"line":26,"column":null}},"7":{"start":{"line":25,"column":4},"end":{"line":25,"column":25}},"8":{"start":{"line":28,"column":2},"end":{"line":30,"column":null}},"9":{"start":{"line":29,"column":4},"end":{"line":29,"column":28}},"10":{"start":{"line":32,"column":2},"end":{"line":34,"column":null}},"11":{"start":{"line":33,"column":4},"end":{"line":33,"column":25}},"12":{"start":{"line":36,"column":2},"end":{"line":38,"column":null}},"13":{"start":{"line":37,"column":4},"end":{"line":37,"column":20}},"14":{"start":{"line":40,"column":2},"end":{"line":42,"column":null}},"15":{"start":{"line":41,"column":4},"end":{"line":41,"column":26}},"16":{"start":{"line":43,"column":0},"end":{"line":43,"column":null}},"17":{"start":{"line":9,"column":13},"end":{"line":9,"column":26}}},"fnMap":{"0":{"name":"(anonymous_0)","decl":{"start":{"line":9,"column":0},"end":{"line":9,"column":13}},"loc":{"start":{"line":9,"column":0},"end":{"line":43,"column":null}}},"1":{"name":"SensorReading","decl":{"start":{"line":16,"column":2},"end":{"line":16,"column":14}},"loc":{"start":{"line":16,"column":54},"end":{"line":22,"column":3}}},"2":{"name":"(anonymous_2)","decl":{"start":{"line":24,"column":2},"end":{"line":24,"column":6}},"loc":{"start":{"line":24,"column":2},"end":{"line":26,"column":3}}},"3":{"name":"(anonymous_3)","decl":{"start":{"line":28,"column":2},"end":{"line":28,"column":6}},"loc":{"start":{"line":28,"column":2},"end":{"line":30,"column":3}}},"4":{"name":"(anonymous_4)","decl":{"start":{"line":32,"column":2},"end":{"line":32,"column":6}},"loc":{"start":{"line":32,"column":2},"end":{"line":34,"column":3}}},"5":{"name":"(anonymous_5)","decl":{"start":{"line":36,"column":2},"end":{"line":36,"column":6}},"loc":{"start":{"line":36,"column":2},"end":{"line":38,"column":3}}},"6":{"name":"(anonymous_6)","decl":{"start":{"line":40,"column":2},"end":{"line":40,"column":6}},"loc":{"start":{"line":40,"column":2},"end":{"line":42,"column":3}}}},"branchMap":{},"s":{"0":4,"1":12,"2":12,"3":12,"4":12,"5":12,"6":4,"7":8,"8":4,"9":0,"10":4,"11":0,"12":4,"13":0,"14":4,"15":0,"16":4,"17":4},"f":{"0":4,"1":12,"2":8,"3":0,"4":0,"5":0,"6":0},"b":{}}
,"C:\\Users\\Amaro\\Documents\\GitHub\\SensorsDashboard\\api\\src\\models\\user.ts": {"path":"C:\\Users\\Amaro\\Documents\\GitHub\\SensorsDashboard\\api\\src\\models\\user.ts","statementMap":{"0":{"start":{"line":10,"column":0},"end":{"line":10,"column":13}},"1":{"start":{"line":19,"column":4},"end":{"line":19,"column":36}},"2":{"start":{"line":20,"column":4},"end":{"line":20,"column":32}},"3":{"start":{"line":21,"column":4},"end":{"line":21,"column":34}},"4":{"start":{"line":22,"column":4},"end":{"line":22,"column":40}},"5":{"start":{"line":23,"column":4},"end":{"line":23,"column":32}},"6":{"start":{"line":24,"column":4},"end":{"line":24,"column":42}},"7":{"start":{"line":27,"column":2},"end":{"line":29,"column":null}},"8":{"start":{"line":28,"column":4},"end":{"line":28,"column":23}},"9":{"start":{"line":31,"column":2},"end":{"line":33,"column":null}},"10":{"start":{"line":32,"column":4},"end":{"line":32,"column":21}},"11":{"start":{"line":35,"column":2},"end":{"line":37,"column":null}},"12":{"start":{"line":36,"column":4},"end":{"line":36,"column":22}},"13":{"start":{"line":39,"column":2},"end":{"line":41,"column":null}},"14":{"start":{"line":40,"column":4},"end":{"line":40,"column":21}},"15":{"start":{"line":43,"column":2},"end":{"line":45,"column":null}},"16":{"start":{"line":44,"column":4},"end":{"line":44,"column":25}},"17":{"start":{"line":46,"column":0},"end":{"line":46,"column":null}},"18":{"start":{"line":10,"column":13},"end":{"line":10,"column":17}}},"fnMap":{"0":{"name":"(anonymous_0)","decl":{"start":{"line":10,"column":0},"end":{"line":10,"column":13}},"loc":{"start":{"line":10,"column":0},"end":{"line":46,"column":null}}},"1":{"name":"User","decl":{"start":{"line":18,"column":2},"end":{"line":18,"column":14}},"loc":{"start":{"line":18,"column":36},"end":{"line":25,"column":3}}},"2":{"name":"(anonymous_2)","decl":{"start":{"line":27,"column":2},"end":{"line":27,"column":6}},"loc":{"start":{"line":27,"column":2},"end":{"line":29,"column":3}}},"3":{"name":"(anonymous_3)","decl":{"start":{"line":31,"column":2},"end":{"line":31,"column":6}},"loc":{"start":{"line":31,"column":2},"end":{"line":33,"column":3}}},"4":{"name":"(anonymous_4)","decl":{"start":{"line":35,"column":2},"end":{"line":35,"column":6}},"loc":{"start":{"line":35,"column":2},"end":{"line":37,"column":3}}},"5":{"name":"(anonymous_5)","decl":{"start":{"line":39,"column":2},"end":{"line":39,"column":6}},"loc":{"start":{"line":39,"column":2},"end":{"line":41,"column":3}}},"6":{"name":"(anonymous_6)","decl":{"start":{"line":43,"column":2},"end":{"line":43,"column":6}},"loc":{"start":{"line":43,"column":2},"end":{"line":45,"column":3}}}},"branchMap":{},"s":{"0":4,"1":19,"2":19,"3":19,"4":19,"5":19,"6":19,"7":4,"8":12,"9":4,"10":4,"11":4,"12":5,"13":4,"14":4,"15":4,"16":2,"17":4,"18":4},"f":{"0":4,"1":19,"2":12,"3":4,"4":5,"5":4,"6":2},"b":{}}
,"C:\\Users\\Amaro\\Documents\\GitHub\\SensorsDashboard\\api\\src\\repositories\\sensor\\mongoSensorsReading.repository.ts": {"path":"C:\\Users\\Amaro\\Documents\\GitHub\\SensorsDashboard\\api\\src\\repositories\\sensor\\mongoSensorsReading.repository.ts","statementMap":{"0":{"start":{"line":1,"column":0},"end":{"line":1,"column":80}},"1":{"start":{"line":2,"column":0},"end":{"line":2,"column":79}},"2":{"start":{"line":5,"column":0},"end":{"line":5,"column":13}},"3":{"start":{"line":8,"column":2},"end":{"line":8,"column":42}},"4":{"start":{"line":11,"column":15},"end":{"line":16,"column":null}},"5":{"start":{"line":12,"column":20},"end":{"line":14,"column":null}},"6":{"start":{"line":12,"column":10},"end":{"line":14,"column":null}},"7":{"start":{"line":15,"column":4},"end":{"line":15,"column":69}},"8":{"start":{"line":15,"column":35},"end":{"line":15,"column":68}},"9":{"start":{"line":18,"column":15},"end":{"line":23,"column":null}},"10":{"start":{"line":21,"column":27},"end":{"line":21,"column":null}},"11":{"start":{"line":21,"column":10},"end":{"line":21,"column":null}},"12":{"start":{"line":22,"column":4},"end":{"line":22,"column":52}},"13":{"start":{"line":25,"column":10},"end":{"line":33,"column":null}},"14":{"start":{"line":26,"column":4},"end":{"line":32,"column":7}},"15":{"start":{"line":34,"column":0},"end":{"line":34,"column":null}},"16":{"start":{"line":5,"column":13},"end":{"line":5,"column":48}}},"fnMap":{"0":{"name":"(anonymous_13)","decl":{"start":{"line":5,"column":0},"end":{"line":5,"column":13}},"loc":{"start":{"line":5,"column":0},"end":{"line":34,"column":null}}},"1":{"name":"MongoBackedSensorReadingsRepository","decl":{"start":{"line":9,"column":2},"end":{"line":9,"column":17}},"loc":{"start":{"line":9,"column":2},"end":{"line":9,"column":18}}},"2":{"name":"(anonymous_15)","decl":{"start":{"line":11,"column":2},"end":{"line":11,"column":15}},"loc":{"start":{"line":11,"column":49},"end":{"line":16,"column":null}}},"3":{"name":"(anonymous_18)","decl":{"start":{"line":15,"column":23},"end":{"line":15,"column":24}},"loc":{"start":{"line":15,"column":30},"end":{"line":15,"column":39}}},"4":{"name":"(anonymous_19)","decl":{"start":{"line":18,"column":2},"end":{"line":18,"column":15}},"loc":{"start":{"line":19,"column":31},"end":{"line":23,"column":null}}},"5":{"name":"(anonymous_22)","decl":{"start":{"line":25,"column":2},"end":{"line":25,"column":10}},"loc":{"start":{"line":25,"column":41},"end":{"line":33,"column":3}}}},"branchMap":{"0":{"loc":{"start":{"line":12,"column":20},"end":{"line":14,"column":null}},"type":"switch","locations":[{"start":{"line":12,"column":20},"end":{"line":14,"column":null}}]},"1":{"loc":{"start":{"line":21,"column":27},"end":{"line":21,"column":null}},"type":"switch","locations":[{"start":{"line":21,"column":27},"end":{"line":21,"column":null}}]}},"s":{"0":3,"1":3,"2":3,"3":3,"4":3,"5":3,"6":3,"7":3,"8":2,"9":3,"10":4,"11":4,"12":4,"13":3,"14":6,"15":3,"16":3},"f":{"0":3,"1":3,"2":3,"3":2,"4":4,"5":6},"b":{"0":[3],"1":[4]}}
,"C:\\Users\\Amaro\\Documents\\GitHub\\SensorsDashboard\\api\\src\\repositories\\user\\mongoRole.repository.ts": {"path":"C:\\Users\\Amaro\\Documents\\GitHub\\SensorsDashboard\\api\\src\\repositories\\user\\mongoRole.repository.ts","statementMap":{"0":{"start":{"line":1,"column":0},"end":{"line":1,"column":71}},"1":{"start":{"line":2,"column":0},"end":{"line":2,"column":59}},"2":{"start":{"line":5,"column":0},"end":{"line":5,"column":13}},"3":{"start":{"line":6,"column":2},"end":{"line":6,"column":24}},"4":{"start":{"line":9,"column":15},"end":{"line":18,"column":null}},"5":{"start":{"line":10,"column":10},"end":{"line":10,"column":41}},"6":{"start":{"line":12,"column":4},"end":{"line":14,"column":null}},"7":{"start":{"line":13,"column":6},"end":{"line":13,"column":52}},"8":{"start":{"line":16,"column":22},"end":{"line":16,"column":null}},"9":{"start":{"line":16,"column":10},"end":{"line":16,"column":null}},"10":{"start":{"line":17,"column":4},"end":{"line":17,"column":47}},"11":{"start":{"line":20,"column":15},"end":{"line":23,"column":null}},"12":{"start":{"line":21,"column":22},"end":{"line":21,"column":null}},"13":{"start":{"line":21,"column":10},"end":{"line":21,"column":null}},"14":{"start":{"line":22,"column":4},"end":{"line":22,"column":71}},"15":{"start":{"line":25,"column":15},"end":{"line":29,"column":null}},"16":{"start":{"line":26,"column":24},"end":{"line":26,"column":null}},"17":{"start":{"line":26,"column":10},"end":{"line":26,"column":null}},"18":{"start":{"line":27,"column":10},"end":{"line":27,"column":50}},"19":{"start":{"line":28,"column":4},"end":{"line":28,"column":24}},"20":{"start":{"line":31,"column":10},"end":{"line":36,"column":null}},"21":{"start":{"line":32,"column":4},"end":{"line":35,"column":7}},"22":{"start":{"line":37,"column":0},"end":{"line":37,"column":null}},"23":{"start":{"line":5,"column":13},"end":{"line":5,"column":38}}},"fnMap":{"0":{"name":"(anonymous_13)","decl":{"start":{"line":5,"column":0},"end":{"line":5,"column":13}},"loc":{"start":{"line":5,"column":0},"end":{"line":37,"column":null}}},"1":{"name":"MongoBackedRoleRepository","decl":{"start":{"line":7,"column":2},"end":{"line":7,"column":17}},"loc":{"start":{"line":7,"column":2},"end":{"line":7,"column":18}}},"2":{"name":"(anonymous_15)","decl":{"start":{"line":9,"column":2},"end":{"line":9,"column":15}},"loc":{"start":{"line":9,"column":46},"end":{"line":18,"column":null}}},"3":{"name":"(anonymous_18)","decl":{"start":{"line":20,"column":2},"end":{"line":20,"column":15}},"loc":{"start":{"line":20,"column":38},"end":{"line":23,"column":null}}},"4":{"name":"(anonymous_21)","decl":{"start":{"line":25,"column":2},"end":{"line":25,"column":15}},"loc":{"start":{"line":25,"column":44},"end":{"line":29,"column":null}}},"5":{"name":"(anonymous_24)","decl":{"start":{"line":31,"column":2},"end":{"line":31,"column":10}},"loc":{"start":{"line":31,"column":39},"end":{"line":36,"column":3}}}},"branchMap":{"0":{"loc":{"start":{"line":12,"column":4},"end":{"line":14,"column":null}},"type":"if","locations":[{"start":{"line":12,"column":4},"end":{"line":14,"column":null}}]},"1":{"loc":{"start":{"line":21,"column":22},"end":{"line":21,"column":null}},"type":"switch","locations":[{"start":{"line":21,"column":22},"end":{"line":21,"column":null}}]},"2":{"loc":{"start":{"line":22,"column":11},"end":{"line":22,"column":70}},"type":"cond-expr","locations":[{"start":{"line":22,"column":23},"end":{"line":22,"column":58}},{"start":{"line":22,"column":61},"end":{"line":22,"column":70}}]},"3":{"loc":{"start":{"line":26,"column":24},"end":{"line":26,"column":null}},"type":"switch","locations":[{"start":{"line":26,"column":24},"end":{"line":26,"column":null}}]}},"s":{"0":4,"1":4,"2":4,"3":6,"4":4,"5":7,"6":7,"7":1,"8":6,"9":6,"10":6,"11":4,"12":8,"13":8,"14":8,"15":4,"16":4,"17":4,"18":4,"19":4,"20":4,"21":11,"22":4,"23":4},"f":{"0":4,"1":6,"2":7,"3":8,"4":4,"5":11},"b":{"0":[1],"1":[8],"2":[5,3],"3":[4]}}
,"C:\\Users\\Amaro\\Documents\\GitHub\\SensorsDashboard\\api\\src\\repositories\\user\\mongoUser.repository.ts": {"path":"C:\\Users\\Amaro\\Documents\\GitHub\\SensorsDashboard\\api\\src\\repositories\\user\\mongoUser.repository.ts","statementMap":{"0":{"start":{"line":1,"column":0},"end":{"line":1,"column":53}},"1":{"start":{"line":2,"column":0},"end":{"line":2,"column":59}},"2":{"start":{"line":5,"column":0},"end":{"line":5,"column":13}},"3":{"start":{"line":6,"column":2},"end":{"line":6,"column":24}},"4":{"start":{"line":9,"column":15},"end":{"line":12,"column":null}},"5":{"start":{"line":10,"column":22},"end":{"line":10,"column":null}},"6":{"start":{"line":10,"column":10},"end":{"line":10,"column":null}},"7":{"start":{"line":11,"column":4},"end":{"line":11,"column":47}},"8":{"start":{"line":14,"column":15},"end":{"line":17,"column":null}},"9":{"start":{"line":15,"column":22},"end":{"line":15,"column":null}},"10":{"start":{"line":15,"column":10},"end":{"line":15,"column":null}},"11":{"start":{"line":16,"column":4},"end":{"line":16,"column":71}},"12":{"start":{"line":19,"column":15},"end":{"line":22,"column":null}},"13":{"start":{"line":20,"column":22},"end":{"line":20,"column":null}},"14":{"start":{"line":20,"column":10},"end":{"line":20,"column":null}},"15":{"start":{"line":21,"column":4},"end":{"line":21,"column":71}},"16":{"start":{"line":24,"column":10},"end":{"line":33,"column":null}},"17":{"start":{"line":25,"column":4},"end":{"line":32,"column":7}},"18":{"start":{"line":34,"column":0},"end":{"line":34,"column":null}},"19":{"start":{"line":5,"column":13},"end":{"line":5,"column":38}}},"fnMap":{"0":{"name":"(anonymous_13)","decl":{"start":{"line":5,"column":0},"end":{"line":5,"column":13}},"loc":{"start":{"line":5,"column":0},"end":{"line":34,"column":null}}},"1":{"name":"MongoBackedUserRepository","decl":{"start":{"line":7,"column":2},"end":{"line":7,"column":17}},"loc":{"start":{"line":7,"column":2},"end":{"line":7,"column":18}}},"2":{"name":"(anonymous_15)","decl":{"start":{"line":9,"column":2},"end":{"line":9,"column":15}},"loc":{"start":{"line":9,"column":40},"end":{"line":12,"column":null}}},"3":{"name":"(anonymous_18)","decl":{"start":{"line":14,"column":2},"end":{"line":14,"column":15}},"loc":{"start":{"line":14,"column":40},"end":{"line":17,"column":null}}},"4":{"name":"(anonymous_21)","decl":{"start":{"line":19,"column":2},"end":{"line":19,"column":15}},"loc":{"start":{"line":19,"column":38},"end":{"line":22,"column":null}}},"5":{"name":"(anonymous_24)","decl":{"start":{"line":24,"column":2},"end":{"line":24,"column":10}},"loc":{"start":{"line":24,"column":39},"end":{"line":33,"column":3}}}},"branchMap":{"0":{"loc":{"start":{"line":10,"column":22},"end":{"line":10,"column":null}},"type":"switch","locations":[{"start":{"line":10,"column":22},"end":{"line":10,"column":null}}]},"1":{"loc":{"start":{"line":15,"column":22},"end":{"line":15,"column":null}},"type":"switch","locations":[{"start":{"line":15,"column":22},"end":{"line":15,"column":null}}]},"2":{"loc":{"start":{"line":16,"column":11},"end":{"line":16,"column":70}},"type":"cond-expr","locations":[{"start":{"line":16,"column":23},"end":{"line":16,"column":58}},{"start":{"line":16,"column":61},"end":{"line":16,"column":70}}]},"3":{"loc":{"start":{"line":20,"column":22},"end":{"line":20,"column":null}},"type":"switch","locations":[{"start":{"line":20,"column":22},"end":{"line":20,"column":null}}]},"4":{"loc":{"start":{"line":21,"column":11},"end":{"line":21,"column":70}},"type":"cond-expr","locations":[{"start":{"line":21,"column":23},"end":{"line":21,"column":58}},{"start":{"line":21,"column":61},"end":{"line":21,"column":70}}]}},"s":{"0":3,"1":3,"2":3,"3":5,"4":3,"5":5,"6":5,"7":5,"8":3,"9":11,"10":11,"11":11,"12":3,"13":2,"14":2,"15":2,"16":3,"17":13,"18":3,"19":3},"f":{"0":3,"1":5,"2":5,"3":11,"4":2,"5":13},"b":{"0":[5],"1":[11],"2":[7,4],"3":[2],"4":[1,1]}}
,"C:\\Users\\Amaro\\Documents\\GitHub\\SensorsDashboard\\api\\src\\schemas\\sensor\\sensorReading.schema.ts": {"path":"C:\\Users\\Amaro\\Documents\\GitHub\\SensorsDashboard\\api\\src\\schemas\\sensor\\sensorReading.schema.ts","statementMap":{"0":{"start":{"line":1,"column":0},"end":{"line":1,"column":54}},"1":{"start":{"line":11,"column":36},"end":{"line":17,"column":2}},"2":{"start":{"line":19,"column":0},"end":{"line":22,"column":2}},"3":{"start":{"line":24,"column":27},"end":{"line":26,"column":null}},"4":{"start":{"line":28,"column":9},"end":{"line":28,"column":27}}},"fnMap":{},"branchMap":{},"s":{"0":3,"1":3,"2":3,"3":3,"4":3},"f":{},"b":{}}
,"C:\\Users\\Amaro\\Documents\\GitHub\\SensorsDashboard\\api\\src\\schemas\\user\\role.schema.ts": {"path":"C:\\Users\\Amaro\\Documents\\GitHub\\SensorsDashboard\\api\\src\\schemas\\user\\role.schema.ts","statementMap":{"0":{"start":{"line":1,"column":0},"end":{"line":1,"column":54}},"1":{"start":{"line":7,"column":27},"end":{"line":9,"column":2}},"2":{"start":{"line":11,"column":0},"end":{"line":11,"column":57}},"3":{"start":{"line":13,"column":18},"end":{"line":13,"column":52}},"4":{"start":{"line":14,"column":9},"end":{"line":14,"column":18}}},"fnMap":{},"branchMap":{},"s":{"0":4,"1":4,"2":4,"3":4,"4":4},"f":{},"b":{}}
,"C:\\Users\\Amaro\\Documents\\GitHub\\SensorsDashboard\\api\\src\\schemas\\user\\user.schema.ts": {"path":"C:\\Users\\Amaro\\Documents\\GitHub\\SensorsDashboard\\api\\src\\schemas\\user\\user.schema.ts","statementMap":{"0":{"start":{"line":1,"column":0},"end":{"line":1,"column":54}},"1":{"start":{"line":12,"column":27},"end":{"line":19,"column":2}},"2":{"start":{"line":21,"column":0},"end":{"line":21,"column":57}},"3":{"start":{"line":23,"column":18},"end":{"line":23,"column":52}},"4":{"start":{"line":24,"column":9},"end":{"line":24,"column":18}}},"fnMap":{},"branchMap":{},"s":{"0":3,"1":3,"2":3,"3":3,"4":3},"f":{},"b":{}}
,"C:\\Users\\Amaro\\Documents\\GitHub\\SensorsDashboard\\api\\src\\services\\auth\\auth.service.ts": {"path":"C:\\Users\\Amaro\\Documents\\GitHub\\SensorsDashboard\\api\\src\\services\\auth\\auth.service.ts","statementMap":{"0":{"start":{"line":4,"column":0},"end":{"line":4,"column":13}},"1":{"start":{"line":7,"column":4},"end":{"line":7,"column":41}},"2":{"start":{"line":10,"column":15},"end":{"line":13,"column":null}},"3":{"start":{"line":11,"column":22},"end":{"line":11,"column":null}},"4":{"start":{"line":11,"column":10},"end":{"line":11,"column":null}},"5":{"start":{"line":12,"column":4},"end":{"line":12,"column":45}},"6":{"start":{"line":15,"column":15},"end":{"line":18,"column":null}},"7":{"start":{"line":16,"column":17},"end":{"line":16,"column":null}},"8":{"start":{"line":16,"column":10},"end":{"line":16,"column":null}},"9":{"start":{"line":17,"column":4},"end":{"line":17,"column":35}},"10":{"start":{"line":20,"column":15},"end":{"line":23,"column":null}},"11":{"start":{"line":21,"column":17},"end":{"line":21,"column":null}},"12":{"start":{"line":21,"column":10},"end":{"line":21,"column":null}},"13":{"start":{"line":22,"column":4},"end":{"line":22,"column":35}},"14":{"start":{"line":24,"column":0},"end":{"line":24,"column":null}},"15":{"start":{"line":4,"column":13},"end":{"line":4,"column":24}}},"fnMap":{"0":{"name":"(anonymous_13)","decl":{"start":{"line":4,"column":0},"end":{"line":4,"column":13}},"loc":{"start":{"line":4,"column":0},"end":{"line":24,"column":null}}},"1":{"name":"AuthService","decl":{"start":{"line":6,"column":2},"end":{"line":6,"column":14}},"loc":{"start":{"line":6,"column":45},"end":{"line":8,"column":3}}},"2":{"name":"(anonymous_15)","decl":{"start":{"line":10,"column":2},"end":{"line":10,"column":15}},"loc":{"start":{"line":10,"column":50},"end":{"line":13,"column":null}}},"3":{"name":"(anonymous_18)","decl":{"start":{"line":15,"column":2},"end":{"line":15,"column":15}},"loc":{"start":{"line":15,"column":40},"end":{"line":18,"column":null}}},"4":{"name":"(anonymous_21)","decl":{"start":{"line":20,"column":2},"end":{"line":20,"column":15}},"loc":{"start":{"line":20,"column":42},"end":{"line":23,"column":null}}}},"branchMap":{"0":{"loc":{"start":{"line":11,"column":22},"end":{"line":11,"column":null}},"type":"switch","locations":[{"start":{"line":11,"column":22},"end":{"line":11,"column":null}}]},"1":{"loc":{"start":{"line":12,"column":11},"end":{"line":12,"column":44}},"type":"cond-expr","locations":[{"start":{"line":12,"column":23},"end":{"line":12,"column":32}},{"start":{"line":12,"column":35},"end":{"line":12,"column":44}}]},"2":{"loc":{"start":{"line":16,"column":17},"end":{"line":16,"column":null}},"type":"switch","locations":[{"start":{"line":16,"column":17},"end":{"line":16,"column":null}}]},"3":{"loc":{"start":{"line":17,"column":11},"end":{"line":17,"column":34}},"type":"cond-expr","locations":[{"start":{"line":17,"column":18},"end":{"line":17,"column":22}},{"start":{"line":17,"column":25},"end":{"line":17,"column":34}}]},"4":{"loc":{"start":{"line":21,"column":17},"end":{"line":21,"column":null}},"type":"switch","locations":[{"start":{"line":21,"column":17},"end":{"line":21,"column":null}}]},"5":{"loc":{"start":{"line":22,"column":11},"end":{"line":22,"column":34}},"type":"cond-expr","locations":[{"start":{"line":22,"column":18},"end":{"line":22,"column":22}},{"start":{"line":22,"column":25},"end":{"line":22,"column":34}}]}},"s":{"0":3,"1":5,"2":3,"3":5,"4":5,"5":5,"6":3,"7":10,"8":10,"9":10,"10":3,"11":1,"12":1,"13":1,"14":3,"15":3},"f":{"0":3,"1":5,"2":5,"3":10,"4":1},"b":{"0":[5],"1":[5,0],"2":[10],"3":[7,3],"4":[1],"5":[1,0]}}
,"C:\\Users\\Amaro\\Documents\\GitHub\\SensorsDashboard\\api\\src\\services\\sensors\\sensors.service.ts": {"path":"C:\\Users\\Amaro\\Documents\\GitHub\\SensorsDashboard\\api\\src\\services\\sensors\\sensors.service.ts","statementMap":{"0":{"start":{"line":4,"column":0},"end":{"line":4,"column":13}},"1":{"start":{"line":7,"column":4},"end":{"line":7,"column":45}},"2":{"start":{"line":10,"column":15},"end":{"line":15,"column":null}},"3":{"start":{"line":13,"column":24},"end":{"line":13,"column":null}},"4":{"start":{"line":13,"column":10},"end":{"line":13,"column":null}},"5":{"start":{"line":14,"column":4},"end":{"line":14,"column":23}},"6":{"start":{"line":17,"column":15},"end":{"line":20,"column":null}},"7":{"start":{"line":18,"column":24},"end":{"line":18,"column":null}},"8":{"start":{"line":18,"column":10},"end":{"line":18,"column":null}},"9":{"start":{"line":19,"column":4},"end":{"line":19,"column":23}},"10":{"start":{"line":21,"column":0},"end":{"line":21,"column":null}},"11":{"start":{"line":4,"column":13},"end":{"line":4,"column":26}}},"fnMap":{"0":{"name":"(anonymous_13)","decl":{"start":{"line":4,"column":0},"end":{"line":4,"column":13}},"loc":{"start":{"line":4,"column":0},"end":{"line":21,"column":null}}},"1":{"name":"SensorService","decl":{"start":{"line":6,"column":2},"end":{"line":6,"column":14}},"loc":{"start":{"line":6,"column":57},"end":{"line":8,"column":3}}},"2":{"name":"(anonymous_15)","decl":{"start":{"line":10,"column":2},"end":{"line":10,"column":15}},"loc":{"start":{"line":11,"column":31},"end":{"line":15,"column":null}}},"3":{"name":"(anonymous_18)","decl":{"start":{"line":17,"column":2},"end":{"line":17,"column":15}},"loc":{"start":{"line":17,"column":49},"end":{"line":20,"column":null}}}},"branchMap":{"0":{"loc":{"start":{"line":13,"column":24},"end":{"line":13,"column":null}},"type":"switch","locations":[{"start":{"line":13,"column":24},"end":{"line":13,"column":null}}]},"1":{"loc":{"start":{"line":18,"column":24},"end":{"line":18,"column":null}},"type":"switch","locations":[{"start":{"line":18,"column":24},"end":{"line":18,"column":null}}]}},"s":{"0":3,"1":5,"2":3,"3":5,"4":5,"5":5,"6":3,"7":3,"8":3,"9":3,"10":3,"11":3},"f":{"0":3,"1":5,"2":5,"3":3},"b":{"0":[5],"1":[3]}}
,"C:\\Users\\Amaro\\Documents\\GitHub\\SensorsDashboard\\api\\src\\test-utils\\setupDB.ts": {"path":"C:\\Users\\Amaro\\Documents\\GitHub\\SensorsDashboard\\api\\src\\test-utils\\setupDB.ts","statementMap":{"0":{"start":{"line":1,"column":0},"end":{"line":1,"column":32}},"1":{"start":{"line":3,"column":0},"end":{"line":3,"column":16}},"2":{"start":{"line":3,"column":24},"end":{"line":3,"column":null}},"3":{"start":{"line":4,"column":2},"end":{"line":7,"column":5}},"4":{"start":{"line":4,"column":12},"end":{"line":7,"column":4}},"5":{"start":{"line":5,"column":10},"end":{"line":5,"column":54}},"6":{"start":{"line":6,"column":4},"end":{"line":6,"column":32}},"7":{"start":{"line":9,"column":2},"end":{"line":11,"column":5}},"8":{"start":{"line":9,"column":11},"end":{"line":11,"column":4}},"9":{"start":{"line":10,"column":4},"end":{"line":10,"column":38}}},"fnMap":{"0":{"name":"setupDB","decl":{"start":{"line":3,"column":16},"end":{"line":3,"column":23}},"loc":{"start":{"line":3,"column":45},"end":{"line":12,"column":1}}},"1":{"name":"(anonymous_15)","decl":{"start":{"line":4,"column":12},"end":{"line":4,"column":null}},"loc":{"start":{"line":4,"column":12},"end":{"line":7,"column":4}}},"2":{"name":"(anonymous_18)","decl":{"start":{"line":9,"column":11},"end":{"line":9,"column":null}},"loc":{"start":{"line":9,"column":11},"end":{"line":11,"column":4}}}},"branchMap":{"0":{"loc":{"start":{"line":3,"column":24},"end":{"line":3,"column":null}},"type":"if","locations":[{"start":{"line":3,"column":24},"end":{"line":3,"column":null}}]},"1":{"loc":{"start":{"line":10,"column":4},"end":{"line":10,"column":38}},"type":"switch","locations":[{"start":{"line":10,"column":4},"end":{"line":10,"column":38}}]}},"s":{"0":3,"1":6,"2":6,"3":3,"4":3,"5":3,"6":6,"7":3,"8":3,"9":6},"f":{"0":3,"1":6,"2":6},"b":{"0":[3],"1":[3]}}
,"C:\\Users\\Amaro\\Documents\\GitHub\\SensorsDashboard\\api\\src\\test-utils\\fakes\\fake.sensor.repository.ts": {"path":"C:\\Users\\Amaro\\Documents\\GitHub\\SensorsDashboard\\api\\src\\test-utils\\fakes\\fake.sensor.repository.ts","statementMap":{"0":{"start":{"line":1,"column":0},"end":{"line":1,"column":80}},"1":{"start":{"line":4,"column":0},"end":{"line":4,"column":13}},"2":{"start":{"line":5,"column":2},"end":{"line":5,"column":32}},"3":{"start":{"line":8,"column":15},"end":{"line":17,"column":null}},"4":{"start":{"line":11,"column":10},"end":{"line":11,"column":54}},"5":{"start":{"line":12,"column":4},"end":{"line":12,"column":39}},"6":{"start":{"line":13,"column":10},"end":{"line":15,"column":6}},"7":{"start":{"line":14,"column":18},"end":{"line":14,"column":null}},"8":{"start":{"line":16,"column":4},"end":{"line":16,"column":49}},"9":{"start":{"line":19,"column":15},"end":{"line":22,"column":null}},"10":{"start":{"line":20,"column":10},"end":{"line":20,"column":80}},"11":{"start":{"line":20,"column":56},"end":{"line":20,"column":79}},"12":{"start":{"line":21,"column":4},"end":{"line":21,"column":23}},"13":{"start":{"line":23,"column":0},"end":{"line":23,"column":null}},"14":{"start":{"line":4,"column":13},"end":{"line":4,"column":41}}},"fnMap":{"0":{"name":"(anonymous_13)","decl":{"start":{"line":4,"column":0},"end":{"line":4,"column":13}},"loc":{"start":{"line":4,"column":0},"end":{"line":23,"column":null}}},"1":{"name":"FakeSensorReadingsRepository","decl":{"start":{"line":6,"column":2},"end":{"line":6,"column":17}},"loc":{"start":{"line":6,"column":2},"end":{"line":6,"column":18}}},"2":{"name":"(anonymous_15)","decl":{"start":{"line":8,"column":2},"end":{"line":8,"column":15}},"loc":{"start":{"line":9,"column":31},"end":{"line":17,"column":null}}},"3":{"name":"(anonymous_18)","decl":{"start":{"line":14,"column":6},"end":{"line":14,"column":7}},"loc":{"start":{"line":14,"column":13},"end":{"line":14,"column":24}}},"4":{"name":"(anonymous_19)","decl":{"start":{"line":19,"column":2},"end":{"line":19,"column":15}},"loc":{"start":{"line":19,"column":49},"end":{"line":22,"column":null}}},"5":{"name":"(anonymous_22)","decl":{"start":{"line":20,"column":44},"end":{"line":20,"column":45}},"loc":{"start":{"line":20,"column":51},"end":{"line":20,"column":62}}}},"branchMap":{"0":{"loc":{"start":{"line":16,"column":11},"end":{"line":16,"column":48}},"type":"cond-expr","locations":[{"start":{"line":16,"column":25},"end":{"line":16,"column":36}},{"start":{"line":16,"column":39},"end":{"line":16,"column":48}}]}},"s":{"0":1,"1":1,"2":3,"3":1,"4":3,"5":3,"6":3,"7":3,"8":3,"9":1,"10":2,"11":2,"12":2,"13":1,"14":1},"f":{"0":1,"1":3,"2":3,"3":3,"4":2,"5":2},"b":{"0":[3,0]}}
,"C:\\Users\\Amaro\\Documents\\GitHub\\SensorsDashboard\\api\\src\\test-utils\\fakes\\fake.user.repository.ts": {"path":"C:\\Users\\Amaro\\Documents\\GitHub\\SensorsDashboard\\api\\src\\test-utils\\fakes\\fake.user.repository.ts","statementMap":{"0":{"start":{"line":1,"column":0},"end":{"line":1,"column":53}},"1":{"start":{"line":4,"column":0},"end":{"line":4,"column":13}},"2":{"start":{"line":5,"column":2},"end":{"line":5,"column":21}},"3":{"start":{"line":9,"column":9},"end":{"line":11,"column":null}},"4":{"start":{"line":10,"column":4},"end":{"line":10,"column":20}},"5":{"start":{"line":13,"column":15},"end":{"line":18,"column":null}},"6":{"start":{"line":14,"column":10},"end":{"line":14,"column":41}},"7":{"start":{"line":15,"column":4},"end":{"line":15,"column":35}},"8":{"start":{"line":16,"column":10},"end":{"line":16,"column":78}},"9":{"start":{"line":16,"column":48},"end":{"line":16,"column":77}},"10":{"start":{"line":17,"column":4},"end":{"line":17,"column":45}},"11":{"start":{"line":20,"column":15},"end":{"line":23,"column":null}},"12":{"start":{"line":21,"column":10},"end":{"line":21,"column":69}},"13":{"start":{"line":21,"column":43},"end":{"line":21,"column":68}},"14":{"start":{"line":22,"column":4},"end":{"line":22,"column":35}},"15":{"start":{"line":25,"column":15},"end":{"line":28,"column":null}},"16":{"start":{"line":26,"column":10},"end":{"line":26,"column":63}},"17":{"start":{"line":26,"column":43},"end":{"line":26,"column":62}},"18":{"start":{"line":27,"column":4},"end":{"line":27,"column":35}},"19":{"start":{"line":29,"column":0},"end":{"line":29,"column":null}},"20":{"start":{"line":4,"column":13},"end":{"line":4,"column":31}}},"fnMap":{"0":{"name":"(anonymous_13)","decl":{"start":{"line":4,"column":0},"end":{"line":4,"column":13}},"loc":{"start":{"line":4,"column":0},"end":{"line":29,"column":null}}},"1":{"name":"FakeUserRepository","decl":{"start":{"line":7,"column":2},"end":{"line":7,"column":17}},"loc":{"start":{"line":7,"column":2},"end":{"line":7,"column":18}}},"2":{"name":"(anonymous_15)","decl":{"start":{"line":9,"column":2},"end":{"line":9,"column":9}},"loc":{"start":{"line":9,"column":2},"end":{"line":11,"column":3}}},"3":{"name":"(anonymous_16)","decl":{"start":{"line":13,"column":2},"end":{"line":13,"column":15}},"loc":{"start":{"line":13,"column":40},"end":{"line":18,"column":null}}},"4":{"name":"(anonymous_19)","decl":{"start":{"line":16,"column":38},"end":{"line":16,"column":39}},"loc":{"start":{"line":16,"column":43},"end":{"line":16,"column":52}}},"5":{"name":"(anonymous_20)","decl":{"start":{"line":20,"column":2},"end":{"line":20,"column":15}},"loc":{"start":{"line":20,"column":40},"end":{"line":23,"column":null}}},"6":{"name":"(anonymous_23)","decl":{"start":{"line":21,"column":33},"end":{"line":21,"column":34}},"loc":{"start":{"line":21,"column":38},"end":{"line":21,"column":47}}},"7":{"name":"(anonymous_24)","decl":{"start":{"line":25,"column":2},"end":{"line":25,"column":15}},"loc":{"start":{"line":25,"column":38},"end":{"line":28,"column":null}}},"8":{"name":"(anonymous_27)","decl":{"start":{"line":26,"column":33},"end":{"line":26,"column":34}},"loc":{"start":{"line":26,"column":38},"end":{"line":26,"column":47}}}},"branchMap":{"0":{"loc":{"start":{"line":17,"column":11},"end":{"line":17,"column":44}},"type":"cond-expr","locations":[{"start":{"line":17,"column":23},"end":{"line":17,"column":32}},{"start":{"line":17,"column":35},"end":{"line":17,"column":44}}]},"1":{"loc":{"start":{"line":22,"column":11},"end":{"line":22,"column":34}},"type":"cond-expr","locations":[{"start":{"line":22,"column":18},"end":{"line":22,"column":22}},{"start":{"line":22,"column":25},"end":{"line":22,"column":34}}]},"2":{"loc":{"start":{"line":27,"column":11},"end":{"line":27,"column":34}},"type":"cond-expr","locations":[{"start":{"line":27,"column":18},"end":{"line":27,"column":22}},{"start":{"line":27,"column":25},"end":{"line":27,"column":34}}]}},"s":{"0":1,"1":1,"2":1,"3":1,"4":3,"5":1,"6":3,"7":3,"8":3,"9":3,"10":3,"11":1,"12":1,"13":1,"14":1,"15":1,"16":1,"17":1,"18":1,"19":1,"20":1},"f":{"0":1,"1":1,"2":3,"3":3,"4":3,"5":1,"6":1,"7":1,"8":1},"b":{"0":[3,0],"1":[1,0],"2":[1,0]}}
,"C:\\Users\\Amaro\\Documents\\GitHub\\SensorsDashboard\\api\\src\\v1\\v1.ts": {"path":"C:\\Users\\Amaro\\Documents\\GitHub\\SensorsDashboard\\api\\src\\v1\\v1.ts","statementMap":{"0":{"start":{"line":1,"column":0},"end":{"line":1,"column":33}},"1":{"start":{"line":2,"column":0},"end":{"line":2,"column":63}},"2":{"start":{"line":3,"column":0},"end":{"line":3,"column":56}},"3":{"start":{"line":5,"column":0},"end":{"line":5,"column":13}},"4":{"start":{"line":8,"column":9},"end":{"line":17,"column":null}},"5":{"start":{"line":9,"column":19},"end":{"line":9,"column":27}},"6":{"start":{"line":10,"column":25},"end":{"line":10,"column":43}},"7":{"start":{"line":11,"column":23},"end":{"line":11,"column":39}},"8":{"start":{"line":13,"column":4},"end":{"line":13,"column":53}},"9":{"start":{"line":14,"column":4},"end":{"line":14,"column":48}},"10":{"start":{"line":16,"column":4},"end":{"line":16,"column":18}},"11":{"start":{"line":18,"column":0},"end":{"line":18,"column":null}},"12":{"start":{"line":5,"column":13},"end":{"line":5,"column":21}}},"fnMap":{"0":{"name":"(anonymous_0)","decl":{"start":{"line":5,"column":0},"end":{"line":5,"column":13}},"loc":{"start":{"line":5,"column":0},"end":{"line":18,"column":null}}},"1":{"name":"V1Router","decl":{"start":{"line":6,"column":2},"end":{"line":6,"column":17}},"loc":{"start":{"line":6,"column":2},"end":{"line":6,"column":18}}},"2":{"name":"(anonymous_2)","decl":{"start":{"line":8,"column":2},"end":{"line":8,"column":9}},"loc":{"start":{"line":8,"column":2},"end":{"line":17,"column":3}}}},"branchMap":{},"s":{"0":2,"1":2,"2":2,"3":2,"4":2,"5":2,"6":2,"7":2,"8":2,"9":2,"10":2,"11":2,"12":2},"f":{"0":2,"1":2,"2":2},"b":{}}
,"C:\\Users\\Amaro\\Documents\\GitHub\\SensorsDashboard\\api\\src\\v1\\controllers\\auth\\auth.controller.ts": {"path":"C:\\Users\\Amaro\\Documents\\GitHub\\SensorsDashboard\\api\\src\\v1\\controllers\\auth\\auth.controller.ts","statementMap":{"0":{"start":{"line":1,"column":0},"end":{"line":1,"column":58}},"1":{"start":{"line":2,"column":0},"end":{"line":2,"column":31}},"2":{"start":{"line":3,"column":0},"end":{"line":3,"column":30}},"3":{"start":{"line":4,"column":0},"end":{"line":4,"column":36}},"4":{"start":{"line":8,"column":0},"end":{"line":8,"column":92}},"5":{"start":{"line":9,"column":0},"end":{"line":9,"column":66}},"6":{"start":{"line":11,"column":0},"end":{"line":11,"column":13}},"7":{"start":{"line":12,"column":2},"end":{"line":12,"column":17}},"8":{"start":{"line":13,"column":2},"end":{"line":13,"column":65}},"9":{"start":{"line":14,"column":2},"end":{"line":29,"column":4}},"10":{"start":{"line":14,"column":71},"end":{"line":29,"column":4}},"11":{"start":{"line":15,"column":10},"end":{"line":15,"column":28}},"12":{"start":{"line":17,"column":10},"end":{"line":24,"column":6}},"13":{"start":{"line":26,"column":4},"end":{"line":26,"column":46}},"14":{"start":{"line":28,"column":4},"end":{"line":28,"column":63}},"15":{"start":{"line":31,"column":2},"end":{"line":63,"column":4}},"16":{"start":{"line":31,"column":68},"end":{"line":63,"column":4}},"17":{"start":{"line":32,"column":10},"end":{"line":32,"column":33}},"18":{"start":{"line":33,"column":17},"end":{"line":33,"column":null}},"19":{"start":{"line":33,"column":10},"end":{"line":33,"column":null}},"20":{"start":{"line":35,"column":4},"end":{"line":37,"column":null}},"21":{"start":{"line":36,"column":6},"end":{"line":36,"column":66}},"22":{"start":{"line":39,"column":10},"end":{"line":42,"column":6}},"23":{"start":{"line":44,"column":4},"end":{"line":49,"column":null}},"24":{"start":{"line":45,"column":6},"end":{"line":48,"column":9}},"25":{"start":{"line":51,"column":10},"end":{"line":54,"column":7}},"26":{"start":{"line":56,"column":4},"end":{"line":62,"column":7}},"27":{"start":{"line":64,"column":0},"end":{"line":64,"column":null}},"28":{"start":{"line":11,"column":13},"end":{"line":11,"column":27}}},"fnMap":{"0":{"name":"(anonymous_14)","decl":{"start":{"line":11,"column":0},"end":{"line":11,"column":13}},"loc":{"start":{"line":11,"column":0},"end":{"line":64,"column":null}}},"1":{"name":"AuthController","decl":{"start":{"line":12,"column":2},"end":{"line":12,"column":17}},"loc":{"start":{"line":12,"column":2},"end":{"line":12,"column":18}}},"2":{"name":"(anonymous_16)","decl":{"start":{"line":14,"column":17},"end":{"line":14,"column":24}},"loc":{"start":{"line":14,"column":71},"end":{"line":29,"column":4}}},"3":{"name":"(anonymous_17)","decl":{"start":{"line":14,"column":71},"end":{"line":14,"column":null}},"loc":{"start":{"line":14,"column":71},"end":{"line":29,"column":4}}},"4":{"name":"(anonymous_19)","decl":{"start":{"line":31,"column":14},"end":{"line":31,"column":21}},"loc":{"start":{"line":31,"column":68},"end":{"line":63,"column":4}}},"5":{"name":"(anonymous_20)","decl":{"start":{"line":31,"column":68},"end":{"line":31,"column":null}},"loc":{"start":{"line":31,"column":68},"end":{"line":63,"column":4}}}},"branchMap":{"0":{"loc":{"start":{"line":35,"column":4},"end":{"line":37,"column":null}},"type":"if","locations":[{"start":{"line":35,"column":4},"end":{"line":37,"column":null}}]},"1":{"loc":{"start":{"line":44,"column":4},"end":{"line":49,"column":null}},"type":"if","locations":[{"start":{"line":44,"column":4},"end":{"line":49,"column":null}}]}},"s":{"0":2,"1":2,"2":2,"3":2,"4":2,"5":2,"6":2,"7":2,"8":2,"9":2,"10":2,"11":2,"12":2,"13":4,"14":2,"15":2,"16":3,"17":3,"18":3,"19":3,"20":3,"21":1,"22":2,"23":2,"24":1,"25":1,"26":1,"27":2,"28":2},"f":{"0":2,"1":2,"2":2,"3":2,"4":3,"5":3},"b":{"0":[1],"1":[1]}}
,"C:\\Users\\Amaro\\Documents\\GitHub\\SensorsDashboard\\api\\src\\v1\\controllers\\sensors\\sensor.controller.ts": {"path":"C:\\Users\\Amaro\\Documents\\GitHub\\SensorsDashboard\\api\\src\\v1\\controllers\\sensors\\sensor.controller.ts","statementMap":{"0":{"start":{"line":2,"column":0},"end":{"line":2,"column":74}},"1":{"start":{"line":3,"column":0},"end":{"line":3,"column":114}},"2":{"start":{"line":5,"column":0},"end":{"line":5,"column":13}},"3":{"start":{"line":8,"column":2},"end":{"line":8,"column":null}},"4":{"start":{"line":14,"column":2},"end":{"line":23,"column":4}},"5":{"start":{"line":17,"column":22},"end":{"line":23,"column":4}},"6":{"start":{"line":19,"column":25},"end":{"line":21,"column":null}},"7":{"start":{"line":19,"column":10},"end":{"line":21,"column":null}},"8":{"start":{"line":22,"column":4},"end":{"line":22,"column":27}},"9":{"start":{"line":25,"column":2},"end":{"line":38,"column":4}},"10":{"start":{"line":28,"column":22},"end":{"line":38,"column":4}},"11":{"start":{"line":30,"column":24},"end":{"line":36,"column":null}},"12":{"start":{"line":30,"column":10},"end":{"line":36,"column":null}},"13":{"start":{"line":37,"column":4},"end":{"line":37,"column":26}},"14":{"start":{"line":9,"column":4},"end":{"line":11,"column":6}},"15":{"start":{"line":39,"column":0},"end":{"line":39,"column":null}},"16":{"start":{"line":5,"column":13},"end":{"line":5,"column":29}}},"fnMap":{"0":{"name":"(anonymous_13)","decl":{"start":{"line":5,"column":0},"end":{"line":5,"column":13}},"loc":{"start":{"line":5,"column":0},"end":{"line":39,"column":null}}},"1":{"name":"SensorController","decl":{"start":{"line":8,"column":2},"end":{"line":8,"column":null}},"loc":{"start":{"line":8,"column":2},"end":{"line":12,"column":3}}},"2":{"name":"(anonymous_15)","decl":{"start":{"line":14,"column":28},"end":{"line":14,"column":null}},"loc":{"start":{"line":17,"column":22},"end":{"line":23,"column":4}}},"3":{"name":"(anonymous_16)","decl":{"start":{"line":17,"column":22},"end":{"line":17,"column":null}},"loc":{"start":{"line":17,"column":22},"end":{"line":23,"column":4}}},"4":{"name":"(anonymous_18)","decl":{"start":{"line":25,"column":28},"end":{"line":25,"column":null}},"loc":{"start":{"line":28,"column":22},"end":{"line":38,"column":4}}},"5":{"name":"(anonymous_19)","decl":{"start":{"line":28,"column":22},"end":{"line":28,"column":null}},"loc":{"start":{"line":28,"column":22},"end":{"line":38,"column":4}}}},"branchMap":{"0":{"loc":{"start":{"line":19,"column":25},"end":{"line":21,"column":null}},"type":"switch","locations":[{"start":{"line":19,"column":25},"end":{"line":21,"column":null}}]},"1":{"loc":{"start":{"line":30,"column":24},"end":{"line":36,"column":null}},"type":"switch","locations":[{"start":{"line":30,"column":24},"end":{"line":36,"column":null}}]}},"s":{"0":2,"1":2,"2":2,"3":2,"4":2,"5":1,"6":1,"7":1,"8":1,"9":2,"10":2,"11":2,"12":2,"13":2,"14":2,"15":2,"16":2},"f":{"0":2,"1":2,"2":1,"3":1,"4":2,"5":2},"b":{"0":[1],"1":[2]}}
,"C:\\Users\\Amaro\\Documents\\GitHub\\SensorsDashboard\\api\\src\\v1\\routers\\auth\\auth.router.ts": {"path":"C:\\Users\\Amaro\\Documents\\GitHub\\SensorsDashboard\\api\\src\\v1\\routers\\auth\\auth.router.ts","statementMap":{"0":{"start":{"line":1,"column":0},"end":{"line":1,"column":33}},"1":{"start":{"line":2,"column":0},"end":{"line":2,"column":72}},"2":{"start":{"line":3,"column":0},"end":{"line":3,"column":89}},"3":{"start":{"line":5,"column":0},"end":{"line":5,"column":13}},"4":{"start":{"line":8,"column":9},"end":{"line":24,"column":null}},"5":{"start":{"line":9,"column":19},"end":{"line":9,"column":27}},"6":{"start":{"line":10,"column":17},"end":{"line":10,"column":37}},"7":{"start":{"line":12,"column":4},"end":{"line":18,"column":7}},"8":{"start":{"line":13,"column":6},"end":{"line":16,"column":8}},"9":{"start":{"line":17,"column":6},"end":{"line":17,"column":13}},"10":{"start":{"line":20,"column":4},"end":{"line":20,"column":76}},"11":{"start":{"line":21,"column":4},"end":{"line":21,"column":42}},"12":{"start":{"line":23,"column":4},"end":{"line":23,"column":18}},"13":{"start":{"line":25,"column":0},"end":{"line":25,"column":null}},"14":{"start":{"line":5,"column":13},"end":{"line":5,"column":23}}},"fnMap":{"0":{"name":"(anonymous_0)","decl":{"start":{"line":5,"column":0},"end":{"line":5,"column":13}},"loc":{"start":{"line":5,"column":0},"end":{"line":25,"column":null}}},"1":{"name":"AuthRouter","decl":{"start":{"line":6,"column":2},"end":{"line":6,"column":17}},"loc":{"start":{"line":6,"column":2},"end":{"line":6,"column":18}}},"2":{"name":"(anonymous_2)","decl":{"start":{"line":8,"column":2},"end":{"line":8,"column":9}},"loc":{"start":{"line":8,"column":2},"end":{"line":24,"column":3}}},"3":{"name":"(anonymous_3)","decl":{"start":{"line":12,"column":15},"end":{"line":12,"column":25}},"loc":{"start":{"line":12,"column":39},"end":{"line":18,"column":5}}}},"branchMap":{},"s":{"0":2,"1":2,"2":2,"3":2,"4":2,"5":2,"6":2,"7":2,"8":9,"9":9,"10":2,"11":2,"12":2,"13":2,"14":2},"f":{"0":2,"1":2,"2":2,"3":9},"b":{}}
,"C:\\Users\\Amaro\\Documents\\GitHub\\SensorsDashboard\\api\\src\\v1\\routers\\sensors\\sensor.router.ts": {"path":"C:\\Users\\Amaro\\Documents\\GitHub\\SensorsDashboard\\api\\src\\v1\\routers\\sensors\\sensor.router.ts","statementMap":{"0":{"start":{"line":1,"column":0},"end":{"line":1,"column":33}},"1":{"start":{"line":2,"column":0},"end":{"line":2,"column":79}},"2":{"start":{"line":3,"column":0},"end":{"line":3,"column":64}},"3":{"start":{"line":4,"column":0},"end":{"line":4,"column":106}},"4":{"start":{"line":6,"column":0},"end":{"line":6,"column":13}},"5":{"start":{"line":9,"column":9},"end":{"line":22,"column":null}},"6":{"start":{"line":10,"column":19},"end":{"line":10,"column":27}},"7":{"start":{"line":11,"column":19},"end":{"line":11,"column":41}},"8":{"start":{"line":13,"column":4},"end":{"line":13,"column":61}},"9":{"start":{"line":15,"column":4},"end":{"line":19,"column":6}},"10":{"start":{"line":21,"column":4},"end":{"line":21,"column":18}},"11":{"start":{"line":23,"column":0},"end":{"line":23,"column":null}},"12":{"start":{"line":6,"column":13},"end":{"line":6,"column":25}}},"fnMap":{"0":{"name":"(anonymous_0)","decl":{"start":{"line":6,"column":0},"end":{"line":6,"column":13}},"loc":{"start":{"line":6,"column":0},"end":{"line":23,"column":null}}},"1":{"name":"SensorRouter","decl":{"start":{"line":7,"column":2},"end":{"line":7,"column":17}},"loc":{"start":{"line":7,"column":2},"end":{"line":7,"column":18}}},"2":{"name":"(anonymous_2)","decl":{"start":{"line":9,"column":2},"end":{"line":9,"column":9}},"loc":{"start":{"line":9,"column":2},"end":{"line":22,"column":3}}}},"branchMap":{},"s":{"0":2,"1":2,"2":2,"3":2,"4":2,"5":2,"6":2,"7":2,"8":2,"9":2,"10":2,"11":2,"12":2},"f":{"0":2,"1":2,"2":2},"b":{}}
}
