TN:
SF:src\app.ts
FN:9,(anonymous_14)
FN:10,API
FN:12,(anonymous_16)
FN:33,(anonymous_17)
FN:33,(anonymous_18)
FN:38,(anonymous_20)
FN:46,(anonymous_21)
FN:54,prefileRoles
FNF:8
FNH:7
FNDA:2,(anonymous_14)
FNDA:2,API
FNDA:2,(anonymous_16)
FNDA:2,(anonymous_17)
FNDA:2,(anonymous_18)
FNDA:0,(anonymous_20)
FNDA:2,(anonymous_21)
FNDA:2,prefileRoles
DA:1,2
DA:2,2
DA:3,2
DA:5,2
DA:6,2
DA:7,2
DA:9,2
DA:12,2
DA:13,2
DA:17,2
DA:18,2
DA:19,2
DA:21,2
DA:23,2
DA:24,2
DA:26,2
DA:27,2
DA:28,2
DA:31,2
DA:33,2
DA:34,2
DA:35,2
DA:36,4
DA:39,0
DA:40,0
DA:43,2
DA:44,2
DA:46,2
DA:47,2
DA:50,2
DA:52,2
DA:55,2
DA:58,2
DA:59,2
DA:61,2
DA:62,4
DA:65,4
DA:66,0
DA:69,0
LF:39
LH:35
BRDA:26,0,0,2
BRDA:61,1,0,0
BRDA:65,2,0,2
BRF:3
BRH:2
end_of_record
TN:
SF:src\config\development.config.js
FNF:0
FNH:0
DA:1,2
LF:1
LH:1
BRF:0
BRH:0
end_of_record
TN:
SF:src\middleware\validator.ts
FN:5,(anonymous_13)
FN:6,(anonymous_14)
FN:6,(anonymous_15)
FNF:3
FNH:3
FNDA:2,(anonymous_13)
FNDA:2,(anonymous_14)
FNDA:2,(anonymous_15)
DA:4,2
DA:5,2
DA:6,2
DA:8,4
DA:13,2
DA:15,0
LF:6
LH:5
BRF:0
BRH:0
end_of_record
TN:
SF:src\middleware\auth\signUpVerification.ts
FN:10,(anonymous_13)
FN:13,(anonymous_14)
FNF:2
FNH:2
FNDA:6,(anonymous_13)
FNDA:6,(anonymous_14)
DA:2,2
DA:3,2
DA:4,2
DA:6,2
DA:8,2
DA:10,2
DA:13,6
DA:15,6
DA:16,6
DA:18,6
DA:20,6
DA:21,4
DA:24,2
DA:26,2
DA:27,0
DA:30,2
LF:16
LH:15
BRDA:20,0,0,4
BRDA:26,1,0,0
BRF:2
BRH:1
end_of_record
TN:
SF:src\middleware\validationSchemas\auth\authValidation.ts
FNF:0
FNH:0
DA:1,1
DA:3,1
DA:10,1
LF:3
LH:3
BRF:0
BRH:0
end_of_record
TN:
SF:src\middleware\validationSchemas\sensors\sensorsValidation.ts
FN:3,(anonymous_0)
FNF:1
FNH:1
FNDA:5,(anonymous_0)
DA:1,3
DA:3,3
DA:4,5
DA:5,5
DA:6,1
DA:10,5
DA:13,3
DA:22,3
LF:8
LH:8
BRDA:5,0,0,1
BRF:1
BRH:1
end_of_record
TN:
SF:src\models\role.ts
FN:10,(anonymous_0)
FN:14,Role
FN:19,(anonymous_2)
FN:23,(anonymous_3)
FNF:4
FNH:3
FNDA:4,(anonymous_0)
FNDA:11,Role
FNDA:2,(anonymous_2)
FNDA:0,(anonymous_3)
DA:10,4
DA:15,11
DA:16,11
DA:19,4
DA:20,2
DA:23,4
DA:24,0
DA:26,4
LF:8
LH:7
BRF:0
BRH:0
end_of_record
TN:
SF:src\models\sensorReading.ts
FN:9,(anonymous_0)
FN:16,SensorReading
FN:24,(anonymous_2)
FN:28,(anonymous_3)
FN:32,(anonymous_4)
FN:36,(anonymous_5)
FN:40,(anonymous_6)
FNF:7
FNH:3
FNDA:4,(anonymous_0)
FNDA:12,SensorReading
FNDA:8,(anonymous_2)
FNDA:0,(anonymous_3)
FNDA:0,(anonymous_4)
FNDA:0,(anonymous_5)
FNDA:0,(anonymous_6)
DA:9,4
DA:17,12
DA:18,12
DA:19,12
DA:20,12
DA:21,12
DA:24,4
DA:25,8
DA:28,4
DA:29,0
DA:32,4
DA:33,0
DA:36,4
DA:37,0
DA:40,4
DA:41,0
DA:43,4
LF:17
LH:13
BRF:0
BRH:0
end_of_record
TN:
SF:src\models\user.ts
FN:10,(anonymous_0)
FN:18,User
FN:27,(anonymous_2)
FN:31,(anonymous_3)
FN:35,(anonymous_4)
FN:39,(anonymous_5)
FN:43,(anonymous_6)
FNF:7
FNH:7
FNDA:4,(anonymous_0)
FNDA:19,User
FNDA:12,(anonymous_2)
FNDA:4,(anonymous_3)
FNDA:5,(anonymous_4)
FNDA:4,(anonymous_5)
FNDA:2,(anonymous_6)
DA:10,4
DA:19,19
DA:20,19
DA:21,19
DA:22,19
DA:23,19
DA:24,19
DA:27,4
DA:28,12
DA:31,4
DA:32,4
DA:35,4
DA:36,5
DA:39,4
DA:40,4
DA:43,4
DA:44,2
DA:46,4
LF:18
LH:18
BRF:0
BRH:0
end_of_record
TN:
SF:src\repositories\sensor\mongoSensorsReading.repository.ts
FN:5,(anonymous_13)
FN:9,MongoBackedSensorReadingsRepository
FN:11,(anonymous_15)
FN:15,(anonymous_18)
FN:18,(anonymous_19)
FN:25,(anonymous_22)
FNF:6
FNH:6
FNDA:3,(anonymous_13)
FNDA:3,MongoBackedSensorReadingsRepository
FNDA:3,(anonymous_15)
FNDA:2,(anonymous_18)
FNDA:4,(anonymous_19)
FNDA:6,(anonymous_22)
DA:1,3
DA:2,3
DA:5,3
DA:8,3
DA:11,3
DA:12,3
DA:15,3
DA:18,3
DA:21,4
DA:22,4
DA:25,3
DA:26,6
DA:34,3
LF:13
LH:13
BRDA:12,0,0,3
BRDA:21,1,0,4
BRF:2
BRH:2
end_of_record
TN:
SF:src\repositories\user\mongoRole.repository.ts
FN:5,(anonymous_13)
FN:7,MongoBackedRoleRepository
FN:9,(anonymous_15)
FN:20,(anonymous_18)
FN:25,(anonymous_21)
FN:31,(anonymous_24)
FNF:6
FNH:6
FNDA:4,(anonymous_13)
FNDA:6,MongoBackedRoleRepository
FNDA:7,(anonymous_15)
FNDA:8,(anonymous_18)
FNDA:4,(anonymous_21)
FNDA:11,(anonymous_24)
DA:1,4
DA:2,4
DA:5,4
DA:6,6
DA:9,4
DA:10,7
DA:12,7
DA:13,1
DA:16,6
DA:17,6
DA:20,4
DA:21,8
DA:22,8
DA:25,4
DA:26,4
DA:27,4
DA:28,4
DA:31,4
DA:32,11
DA:37,4
LF:20
LH:20
BRDA:12,0,0,1
BRDA:21,1,0,8
BRDA:22,2,0,5
BRDA:22,2,1,3
BRDA:26,3,0,4
BRF:5
BRH:5
end_of_record
TN:
SF:src\repositories\user\mongoUser.repository.ts
FN:5,(anonymous_13)
FN:7,MongoBackedUserRepository
FN:9,(anonymous_15)
FN:14,(anonymous_18)
FN:19,(anonymous_21)
FN:24,(anonymous_24)
FNF:6
FNH:6
FNDA:3,(anonymous_13)
FNDA:5,MongoBackedUserRepository
FNDA:5,(anonymous_15)
FNDA:11,(anonymous_18)
FNDA:2,(anonymous_21)
FNDA:13,(anonymous_24)
DA:1,3
DA:2,3
DA:5,3
DA:6,5
DA:9,3
DA:10,5
DA:11,5
DA:14,3
DA:15,11
DA:16,11
DA:19,3
DA:20,2
DA:21,2
DA:24,3
DA:25,13
DA:34,3
LF:16
LH:16
BRDA:10,0,0,5
BRDA:15,1,0,11
BRDA:16,2,0,7
BRDA:16,2,1,4
BRDA:20,3,0,2
BRDA:21,4,0,1
BRDA:21,4,1,1
BRF:7
BRH:7
end_of_record
TN:
SF:src\schemas\sensor\sensorReading.schema.ts
FNF:0
FNH:0
DA:1,3
DA:11,3
DA:19,3
DA:24,3
DA:28,3
LF:5
LH:5
BRF:0
BRH:0
end_of_record
TN:
SF:src\schemas\user\role.schema.ts
FNF:0
FNH:0
DA:1,4
DA:7,4
DA:11,4
DA:13,4
DA:14,4
LF:5
LH:5
BRF:0
BRH:0
end_of_record
TN:
SF:src\schemas\user\user.schema.ts
FNF:0
FNH:0
DA:1,3
DA:12,3
DA:21,3
DA:23,3
DA:24,3
LF:5
LH:5
BRF:0
BRH:0
end_of_record
TN:
SF:src\services\auth\auth.service.ts
FN:4,(anonymous_13)
FN:6,AuthService
FN:10,(anonymous_15)
FN:15,(anonymous_18)
FN:20,(anonymous_21)
FNF:5
FNH:5
FNDA:3,(anonymous_13)
FNDA:5,AuthService
FNDA:5,(anonymous_15)
FNDA:10,(anonymous_18)
FNDA:1,(anonymous_21)
DA:4,3
DA:7,5
DA:10,3
DA:11,5
DA:12,5
DA:15,3
DA:16,10
DA:17,10
DA:20,3
DA:21,1
DA:22,1
DA:24,3
LF:12
LH:12
BRDA:11,0,0,5
BRDA:12,1,0,5
BRDA:12,1,1,0
BRDA:16,2,0,10
BRDA:17,3,0,7
BRDA:17,3,1,3
BRDA:21,4,0,1
BRDA:22,5,0,1
BRDA:22,5,1,0
BRF:9
BRH:7
end_of_record
TN:
SF:src\services\sensors\sensors.service.ts
FN:4,(anonymous_13)
FN:6,SensorService
FN:10,(anonymous_15)
FN:17,(anonymous_18)
FNF:4
FNH:4
FNDA:3,(anonymous_13)
FNDA:5,SensorService
FNDA:5,(anonymous_15)
FNDA:3,(anonymous_18)
DA:4,3
DA:7,5
DA:10,3
DA:13,5
DA:14,5
DA:17,3
DA:18,3
DA:19,3
DA:21,3
LF:9
LH:9
BRDA:13,0,0,5
BRDA:18,1,0,3
BRF:2
BRH:2
end_of_record
TN:
SF:src\test-utils\setupDB.ts
FN:3,setupDB
FN:4,(anonymous_15)
FN:9,(anonymous_18)
FNF:3
FNH:3
FNDA:3,setupDB
FNDA:6,(anonymous_15)
FNDA:6,(anonymous_18)
DA:1,3
DA:3,6
DA:4,3
DA:5,3
DA:6,6
DA:9,3
DA:10,6
LF:7
LH:7
BRDA:3,0,0,3
BRDA:10,1,0,3
BRF:2
BRH:2
end_of_record
TN:
SF:src\test-utils\fakes\fake.sensor.repository.ts
FN:4,(anonymous_13)
FN:6,FakeSensorReadingsRepository
FN:8,(anonymous_15)
FN:14,(anonymous_18)
FN:19,(anonymous_19)
FN:20,(anonymous_22)
FNF:6
FNH:6
FNDA:1,(anonymous_13)
FNDA:3,FakeSensorReadingsRepository
FNDA:3,(anonymous_15)
FNDA:3,(anonymous_18)
FNDA:2,(anonymous_19)
FNDA:2,(anonymous_22)
DA:1,1
DA:4,1
DA:5,3
DA:8,1
DA:11,3
DA:12,3
DA:13,3
DA:14,3
DA:16,3
DA:19,1
DA:20,2
DA:21,2
DA:23,1
LF:13
LH:13
BRDA:16,0,0,3
BRDA:16,0,1,0
BRF:2
BRH:1
end_of_record
TN:
SF:src\test-utils\fakes\fake.user.repository.ts
FN:4,(anonymous_13)
FN:7,FakeUserRepository
FN:9,(anonymous_15)
FN:13,(anonymous_16)
FN:16,(anonymous_19)
FN:20,(anonymous_20)
FN:21,(anonymous_23)
FN:25,(anonymous_24)
FN:26,(anonymous_27)
FNF:9
FNH:9
FNDA:1,(anonymous_13)
FNDA:1,FakeUserRepository
FNDA:3,(anonymous_15)
FNDA:3,(anonymous_16)
FNDA:3,(anonymous_19)
FNDA:1,(anonymous_20)
FNDA:1,(anonymous_23)
FNDA:1,(anonymous_24)
FNDA:1,(anonymous_27)
DA:1,1
DA:4,1
DA:5,1
DA:9,1
DA:10,3
DA:13,1
DA:14,3
DA:15,3
DA:16,3
DA:17,3
DA:20,1
DA:21,1
DA:22,1
DA:25,1
DA:26,1
DA:27,1
DA:29,1
LF:17
LH:17
BRDA:17,0,0,3
BRDA:17,0,1,0
BRDA:22,1,0,1
BRDA:22,1,1,0
BRDA:27,2,0,1
BRDA:27,2,1,0
BRF:6
BRH:3
end_of_record
TN:
SF:src\v1\v1.ts
FN:5,(anonymous_0)
FN:6,V1Router
FN:8,(anonymous_2)
FNF:3
FNH:3
FNDA:2,(anonymous_0)
FNDA:2,V1Router
FNDA:2,(anonymous_2)
DA:1,2
DA:2,2
DA:3,2
DA:5,2
DA:8,2
DA:9,2
DA:10,2
DA:11,2
DA:13,2
DA:14,2
DA:16,2
DA:18,2
LF:12
LH:12
BRF:0
BRH:0
end_of_record
TN:
SF:src\v1\controllers\auth\auth.controller.ts
FN:11,(anonymous_14)
FN:12,AuthController
FN:14,(anonymous_16)
FN:14,(anonymous_17)
FN:31,(anonymous_19)
FN:31,(anonymous_20)
FNF:6
FNH:6
FNDA:2,(anonymous_14)
FNDA:2,AuthController
FNDA:2,(anonymous_16)
FNDA:2,(anonymous_17)
FNDA:3,(anonymous_19)
FNDA:3,(anonymous_20)
DA:1,2
DA:2,2
DA:3,2
DA:4,2
DA:8,2
DA:9,2
DA:11,2
DA:12,2
DA:13,2
DA:14,2
DA:15,2
DA:17,2
DA:26,4
DA:28,2
DA:31,3
DA:32,3
DA:33,3
DA:35,3
DA:36,1
DA:39,2
DA:44,2
DA:45,1
DA:51,1
DA:56,1
DA:64,2
LF:25
LH:25
BRDA:35,0,0,1
BRDA:44,1,0,1
BRF:2
BRH:2
end_of_record
TN:
SF:src\v1\controllers\sensors\sensor.controller.ts
FN:5,(anonymous_13)
FN:8,SensorController
FN:14,(anonymous_15)
FN:17,(anonymous_16)
FN:25,(anonymous_18)
FN:28,(anonymous_19)
FNF:6
FNH:6
FNDA:2,(anonymous_13)
FNDA:2,SensorController
FNDA:1,(anonymous_15)
FNDA:1,(anonymous_16)
FNDA:2,(anonymous_18)
FNDA:2,(anonymous_19)
DA:2,2
DA:3,2
DA:5,2
DA:8,2
DA:9,2
DA:14,2
DA:17,1
DA:19,1
DA:22,1
DA:25,2
DA:28,2
DA:30,2
DA:37,2
DA:39,2
LF:14
LH:14
BRDA:19,0,0,1
BRDA:30,1,0,2
BRF:2
BRH:2
end_of_record
TN:
SF:src\v1\routers\auth\auth.router.ts
FN:5,(anonymous_0)
FN:6,AuthRouter
FN:8,(anonymous_2)
FN:12,(anonymous_3)
FNF:4
FNH:4
FNDA:2,(anonymous_0)
FNDA:2,AuthRouter
FNDA:2,(anonymous_2)
FNDA:9,(anonymous_3)
DA:1,2
DA:2,2
DA:3,2
DA:5,2
DA:8,2
DA:9,2
DA:10,2
DA:12,2
DA:13,9
DA:17,9
DA:20,2
DA:21,2
DA:23,2
DA:25,2
LF:14
LH:14
BRF:0
BRH:0
end_of_record
TN:
SF:src\v1\routers\sensors\sensor.router.ts
FN:6,(anonymous_0)
FN:7,SensorRouter
FN:9,(anonymous_2)
FNF:3
FNH:3
FNDA:2,(anonymous_0)
FNDA:2,SensorRouter
FNDA:2,(anonymous_2)
DA:1,2
DA:2,2
DA:3,2
DA:4,2
DA:6,2
DA:9,2
DA:10,2
DA:11,2
DA:13,2
DA:15,2
DA:21,2
DA:23,2
LF:12
LH:12
BRF:0
BRH:0
end_of_record
